# Logfile created on 2014-02-20 15:21:31 -0800 by logger.rb/44203
I, [2014-02-20T15:21:31.240332 #5430]  INFO -- : 0:  i18n (0.6.1) from /Users/mchu/.rvm/gems/ruby-2.1.0@chef-mongodb/specifications/i18n-0.6.1.gemspec
I, [2014-02-20T15:21:31.892196 #5430]  INFO -- : 0:  multi_json (1.7.6) from /Users/mchu/.rvm/gems/ruby-2.1.0@chef-mongodb/specifications/multi_json-1.7.6.gemspec
I, [2014-02-20T15:21:32.685289 #5430]  INFO -- : 0:  activesupport (3.2.13) from /Users/mchu/.rvm/gems/ruby-2.1.0@chef-mongodb/specifications/activesupport-3.2.13.gemspec
I, [2014-02-20T15:21:33.146213 #5430]  INFO -- : 0:  addressable (2.3.4) from /Users/mchu/.rvm/gems/ruby-2.1.0@chef-mongodb/specifications/addressable-2.3.4.gemspec
I, [2014-02-20T15:21:33.531176 #5430]  INFO -- : 0:  builder (3.2.2) from /Users/mchu/.rvm/gems/ruby-2.1.0@chef-mongodb/specifications/builder-3.2.2.gemspec
I, [2014-02-20T15:21:34.234709 #5430]  INFO -- : 0:  gyoku (1.0.0) from /Users/mchu/.rvm/gems/ruby-2.1.0@chef-mongodb/specifications/gyoku-1.0.0.gemspec
I, [2014-02-20T15:21:42.044392 #5430]  INFO -- : 0:  nokogiri (1.5.10) from /Users/mchu/.rvm/gems/ruby-2.1.0@chef-mongodb/specifications/nokogiri-1.5.10.gemspec
I, [2014-02-20T15:21:42.688865 #5430]  INFO -- : 0:  akami (1.2.0) from /Users/mchu/.rvm/gems/ruby-2.1.0@chef-mongodb/specifications/akami-1.2.0.gemspec
I, [2014-02-20T15:21:43.367468 #5430]  INFO -- : 0:  timers (1.1.0) from /Users/mchu/.rvm/gems/ruby-2.1.0@chef-mongodb/specifications/timers-1.1.0.gemspec
I, [2014-02-20T15:21:43.757028 #5430]  INFO -- : 0:  celluloid (0.14.1) from /Users/mchu/.rvm/gems/ruby-2.1.0@chef-mongodb/specifications/celluloid-0.14.1.gemspec
I, [2014-02-20T15:21:44.166715 #5430]  INFO -- : 0:  hashie (2.0.5) from /Users/mchu/.rvm/gems/ruby-2.1.0@chef-mongodb/specifications/hashie-2.0.5.gemspec
I, [2014-02-20T15:21:44.555535 #5430]  INFO -- : 0:  chozo (0.6.1) from /Users/mchu/.rvm/gems/ruby-2.1.0@chef-mongodb/specifications/chozo-0.6.1.gemspec
I, [2014-02-20T15:21:44.877671 #5430]  INFO -- : 0:  multipart-post (1.2.0) from /Users/mchu/.rvm/gems/ruby-2.1.0@chef-mongodb/specifications/multipart-post-1.2.0.gemspec
I, [2014-02-20T15:21:45.342093 #5430]  INFO -- : 0:  faraday (0.8.7) from /Users/mchu/.rvm/gems/ruby-2.1.0@chef-mongodb/specifications/faraday-0.8.7.gemspec
I, [2014-02-20T15:21:45.977369 #5430]  INFO -- : 0:  minitar (0.5.4) from /Users/mchu/.rvm/gems/ruby-2.1.0@chef-mongodb/specifications/minitar-0.5.4.gemspec
I, [2014-02-20T15:21:46.573961 #5430]  INFO -- : 0:  retryable (1.3.3) from /Users/mchu/.rvm/gems/ruby-2.1.0@chef-mongodb/specifications/retryable-1.3.3.gemspec
I, [2014-02-20T15:21:48.655187 #5430]  INFO -- : 0:  nio4r (0.4.6) from /Users/mchu/.rvm/gems/ruby-2.1.0@chef-mongodb/specifications/nio4r-0.4.6.gemspec
I, [2014-02-20T15:21:49.085973 #5430]  INFO -- : 0:  celluloid-io (0.14.1) from /Users/mchu/.rvm/gems/ruby-2.1.0@chef-mongodb/specifications/celluloid-io-0.14.1.gemspec
I, [2014-02-20T15:21:50.330155 #5430]  INFO -- : 0:  erubis (2.7.0) from /Users/mchu/.rvm/gems/ruby-2.1.0@chef-mongodb/specifications/erubis-2.7.0.gemspec
I, [2014-02-20T15:21:50.661636 #5430]  INFO -- : 0:  mixlib-log (1.6.0) from /Users/mchu/.rvm/gems/ruby-2.1.0@chef-mongodb/specifications/mixlib-log-1.6.0.gemspec
I, [2014-02-20T15:21:51.268960 #5430]  INFO -- : 0:  mixlib-authentication (1.3.0) from /Users/mchu/.rvm/gems/ruby-2.1.0@chef-mongodb/specifications/mixlib-authentication-1.3.0.gemspec
I, [2014-02-20T15:21:52.057889 #5430]  INFO -- : 0:  net-http-persistent (2.8) from /Users/mchu/.rvm/gems/ruby-2.1.0@chef-mongodb/specifications/net-http-persistent-2.8.gemspec
I, [2014-02-20T15:21:53.157697 #5430]  INFO -- : 0:  net-ssh (2.6.7) from /Users/mchu/.rvm/gems/ruby-2.1.0@chef-mongodb/specifications/net-ssh-2.6.7.gemspec
I, [2014-02-20T15:21:54.695360 #5430]  INFO -- : 0:  json (1.8.0) from /Users/mchu/.rvm/gems/ruby-2.1.0@chef-mongodb/specifications/json-1.8.0.gemspec
I, [2014-02-20T15:21:55.088894 #5430]  INFO -- : 0:  solve (0.4.4) from /Users/mchu/.rvm/gems/ruby-2.1.0@chef-mongodb/specifications/solve-0.4.4.gemspec
I, [2014-02-20T15:22:01.042799 #5430]  INFO -- : 0:  ffi (1.9.0) from /Users/mchu/.rvm/gems/ruby-2.1.0@chef-mongodb/specifications/ffi-1.9.0.gemspec
I, [2014-02-20T15:22:01.642573 #5430]  INFO -- : 0:  gssapi (1.0.3) from /Users/mchu/.rvm/gems/ruby-2.1.0@chef-mongodb/specifications/gssapi-1.0.3.gemspec
I, [2014-02-20T15:22:02.842954 #5430]  INFO -- : 0:  httpclient (2.2.0.2) from /Users/mchu/.rvm/gems/ruby-2.1.0@chef-mongodb/specifications/httpclient-2.2.0.2.gemspec
I, [2014-02-20T15:22:03.514798 #5430]  INFO -- : 0:  little-plugger (1.1.3) from /Users/mchu/.rvm/gems/ruby-2.1.0@chef-mongodb/specifications/little-plugger-1.1.3.gemspec
I, [2014-02-20T15:22:04.457013 #5430]  INFO -- : 0:  logging (1.6.2) from /Users/mchu/.rvm/gems/ruby-2.1.0@chef-mongodb/specifications/logging-1.6.2.gemspec
I, [2014-02-20T15:22:05.577476 #5430]  INFO -- : 0:  rubyntlm (0.1.1) from /Users/mchu/.rvm/gems/ruby-2.1.0@chef-mongodb/specifications/rubyntlm-0.1.1.gemspec
I, [2014-02-20T15:22:06.531162 #5430]  INFO -- : 0:  rack (1.5.2) from /Users/mchu/.rvm/gems/ruby-2.1.0@chef-mongodb/specifications/rack-1.5.2.gemspec
I, [2014-02-20T15:22:07.478602 #5430]  INFO -- : 0:  httpi (0.9.7) from /Users/mchu/.rvm/gems/ruby-2.1.0@chef-mongodb/specifications/httpi-0.9.7.gemspec
I, [2014-02-20T15:22:07.838258 #5430]  INFO -- : 0:  nori (1.1.5) from /Users/mchu/.rvm/gems/ruby-2.1.0@chef-mongodb/specifications/nori-1.1.5.gemspec
I, [2014-02-20T15:22:08.511884 #5430]  INFO -- : 0:  wasabi (1.0.0) from /Users/mchu/.rvm/gems/ruby-2.1.0@chef-mongodb/specifications/wasabi-1.0.0.gemspec
I, [2014-02-20T15:22:09.316901 #5430]  INFO -- : 0:  savon (0.9.5) from /Users/mchu/.rvm/gems/ruby-2.1.0@chef-mongodb/specifications/savon-0.9.5.gemspec
I, [2014-02-20T15:22:09.677762 #5430]  INFO -- : 0:  uuidtools (2.1.4) from /Users/mchu/.rvm/gems/ruby-2.1.0@chef-mongodb/specifications/uuidtools-2.1.4.gemspec
I, [2014-02-20T15:22:10.368433 #5430]  INFO -- : 0:  winrm (1.1.2) from /Users/mchu/.rvm/gems/ruby-2.1.0@chef-mongodb/specifications/winrm-1.1.2.gemspec
I, [2014-02-20T15:22:10.950512 #5430]  INFO -- : 0:  ridley (1.0.2) from /Users/mchu/.rvm/gems/ruby-2.1.0@chef-mongodb/specifications/ridley-1.0.2.gemspec
I, [2014-02-20T15:22:11.641382 #5430]  INFO -- : 0:  mixlib-shellout (1.1.0) from /Users/mchu/.rvm/gems/ruby-2.1.0@chef-mongodb/specifications/mixlib-shellout-1.1.0.gemspec
I, [2014-02-20T15:22:12.058425 #5430]  INFO -- : 0:  net-scp (1.1.1) from /Users/mchu/.rvm/gems/ruby-2.1.0@chef-mongodb/specifications/net-scp-1.1.1.gemspec
I, [2014-02-20T15:22:12.553641 #5430]  INFO -- : 0:  coderay (1.0.9) from /Users/mchu/.rvm/gems/ruby-2.1.0@chef-mongodb/specifications/coderay-1.0.9.gemspec
I, [2014-02-20T15:22:13.228086 #5430]  INFO -- : 0:  method_source (0.8.1) from /Users/mchu/.rvm/gems/ruby-2.1.0@chef-mongodb/specifications/method_source-0.8.1.gemspec
I, [2014-02-20T15:22:13.595830 #5430]  INFO -- : 0:  slop (3.4.5) from /Users/mchu/.rvm/gems/ruby-2.1.0@chef-mongodb/specifications/slop-3.4.5.gemspec
I, [2014-02-20T15:22:14.358474 #5430]  INFO -- : 0:  pry (0.9.12.2) from /Users/mchu/.rvm/gems/ruby-2.1.0@chef-mongodb/specifications/pry-0.9.12.2.gemspec
I, [2014-02-20T15:22:15.014337 #5430]  INFO -- : 0:  safe_yaml (0.9.3) from /Users/mchu/.rvm/gems/ruby-2.1.0@chef-mongodb/specifications/safe_yaml-0.9.3.gemspec
I, [2014-02-20T15:22:15.875407 #5430]  INFO -- : 0:  thor (0.18.1) from /Users/mchu/.rvm/gems/ruby-2.1.0@chef-mongodb/specifications/thor-0.18.1.gemspec
I, [2014-02-20T15:22:15.976235 #5430]  INFO -- : 0:  test-kitchen (1.0.0.dev) from /Users/mchu/.rvm/gems/ruby-2.1.0@chef-mongodb/bundler/gems/test-kitchen-77a76c687770/test-kitchen.gemspec
I, [2014-02-20T15:22:16.607849 #5430]  INFO -- : 0:  berkshelf (2.0.3) from /Users/mchu/.rvm/gems/ruby-2.1.0@chef-mongodb/specifications/berkshelf-2.0.3.gemspec
I, [2014-02-20T15:22:16.672867 #5430]  INFO -- : 0:  kitchen-vagrant (0.10.1.dev) from /Users/mchu/.rvm/gems/ruby-2.1.0@chef-mongodb/bundler/gems/kitchen-vagrant-4742374f7fb0/kitchen-vagrant.gemspec
I, [2014-02-20T15:22:16.673246 #5430]  INFO -- : 0:  bundler (1.5.1) from /Users/mchu/.rvm/gems/ruby-2.1.0@global/specifications/bundler-1.5.1.gemspec
